<?xml version="1.0" encoding="UTF-8"?>
<testng-results skipped="0" failed="0" ignored="0" total="2" passed="2">
  <reporter-output>
  </reporter-output>
  <suite name="Default suite" duration-ms="81" started-at="2021-07-31T04:05:53Z" finished-at="2021-07-31T04:05:53Z">
    <groups>
    </groups>
    <test name="Default test" duration-ms="81" started-at="2021-07-31T04:05:53Z" finished-at="2021-07-31T04:05:53Z">
      <class name="testngpack.Dep">
        <test-method status="PASS" signature="test2()[pri:0, instance:testngpack.Dep@2f943d71]" name="test2" duration-ms="22" started-at="2021-07-31T04:05:53Z" finished-at="2021-07-31T04:05:53Z">
          <reporter-output>
          </reporter-output>
        </test-method> <!-- test2 -->
        <test-method status="PASS" signature="test1()[pri:0, instance:testngpack.Dep@2f943d71]" name="test1" duration-ms="2" started-at="2021-07-31T04:05:53Z" depends-on-methods="testngpack.Dep.test2" finished-at="2021-07-31T04:05:53Z">
          <reporter-output>
          </reporter-output>
        </test-method> <!-- test1 -->
      </class> <!-- testngpack.Dep -->
    </test> <!-- Default test -->
  </suite> <!-- Default suite -->
</testng-results>
